<?xml version="1.0" encoding="UTF-8"?>
<testng-results ignored="0" total="4" passed="4" failed="0" skipped="0">
  <reporter-output>
  </reporter-output>
  <suite started-at="2024-05-29T12:11:27 IST" name="Default suite" finished-at="2024-05-29T12:11:32 IST" duration-ms="4869">
    <groups>
    </groups>
    <test started-at="2024-05-29T12:11:27 IST" name="Default test" finished-at="2024-05-29T12:11:32 IST" duration-ms="4869">
      <class name="RESTAssured1.Httprequest">
        <test-method signature="getUser()[pri:1, instance:RESTAssured1.Httprequest@6b2ea799]" started-at="2024-05-29T12:11:27 IST" name="getUser" finished-at="2024-05-29T12:11:30 IST" duration-ms="3159" status="PASS">
          <reporter-output>
          </reporter-output>
        </test-method> <!-- getUser -->
        <test-method signature="createUser()[pri:2, instance:RESTAssured1.Httprequest@6b2ea799]" started-at="2024-05-29T12:11:30 IST" name="createUser" finished-at="2024-05-29T12:11:31 IST" duration-ms="870" status="PASS">
          <reporter-output>
          </reporter-output>
        </test-method> <!-- createUser -->
        <test-method signature="UpdateUser()[pri:3, instance:RESTAssured1.Httprequest@6b2ea799]" started-at="2024-05-29T12:11:31 IST" name="UpdateUser" finished-at="2024-05-29T12:11:32 IST" depends-on-methods="RESTAssured1.Httprequest.createUser" duration-ms="378" status="PASS">
          <reporter-output>
          </reporter-output>
        </test-method> <!-- UpdateUser -->
        <test-method signature="DeleteUser()[pri:4, instance:RESTAssured1.Httprequest@6b2ea799]" started-at="2024-05-29T12:11:32 IST" name="DeleteUser" finished-at="2024-05-29T12:11:32 IST" duration-ms="372" status="PASS">
          <reporter-output>
          </reporter-output>
        </test-method> <!-- DeleteUser -->
      </class> <!-- RESTAssured1.Httprequest -->
    </test> <!-- Default test -->
  </suite> <!-- Default suite -->
</testng-results>
